2021-07-12 23:58:10,740 INFO com.apiweather.app.jobs.ApibatchsApplication [restartedMain] Starting ApibatchsApplication using Java 11.0.6 on AABHQDSI00055 with PID 16492 (F:\Workspaces\apigeo\apibatchs\target\classes started by javauser in F:\Workspaces\apigeo\apibatchs)
2021-07-12 23:58:10,740 DEBUG com.apiweather.app.jobs.ApibatchsApplication [restartedMain] Running with Spring Boot v2.5.2, Spring v5.3.8
2021-07-12 23:58:10,740 INFO com.apiweather.app.jobs.ApibatchsApplication [restartedMain] The following profiles are active: prod
2021-07-12 23:58:10,919 INFO org.springframework.data.repository.config.RepositoryConfigurationDelegate [restartedMain] Multiple Spring Data modules found, entering strict repository configuration mode!
2021-07-12 23:58:10,929 INFO org.springframework.data.repository.config.RepositoryConfigurationDelegate [restartedMain] Bootstrapping Spring Data MongoDB repositories in DEFAULT mode.
2021-07-12 23:58:10,929 DEBUG org.springframework.data.repository.config.RepositoryConfigurationDelegate [restartedMain] Scanning for MongoDB repositories in packages com.apiweather.app.jobs.
2021-07-12 23:58:10,933 INFO org.springframework.data.repository.config.RepositoryConfigurationDelegate [restartedMain] Finished Spring Data repository scanning in 3 ms. Found 0 MongoDB repository interfaces.
2021-07-12 23:58:10,936 INFO org.springframework.data.repository.config.RepositoryConfigurationDelegate [restartedMain] Multiple Spring Data modules found, entering strict repository configuration mode!
2021-07-12 23:58:10,936 INFO org.springframework.data.repository.config.RepositoryConfigurationDelegate [restartedMain] Bootstrapping Spring Data Redis repositories in DEFAULT mode.
2021-07-12 23:58:10,936 DEBUG org.springframework.data.repository.config.RepositoryConfigurationDelegate [restartedMain] Scanning for Redis repositories in packages com.apiweather.app.jobs.
2021-07-12 23:58:10,938 INFO org.springframework.data.repository.config.RepositoryConfigurationDelegate [restartedMain] Finished Spring Data repository scanning in 1 ms. Found 0 Redis repository interfaces.
2021-07-12 23:58:11,022 INFO org.springframework.boot.web.embedded.tomcat.TomcatWebServer [restartedMain] Tomcat initialized with port(s): 8080 (http)
2021-07-12 23:58:11,060 INFO org.springframework.boot.web.servlet.context.ServletWebServerApplicationContext [restartedMain] Root WebApplicationContext: initialization completed in 317 ms
2021-07-12 23:58:11,073 INFO org.springframework.boot.autoconfigure.h2.H2ConsoleAutoConfiguration [restartedMain] H2 console available at '/h2console/'. Database available at 'jdbc:h2:mem:AZ'
2021-07-12 23:58:11,207 INFO org.springframework.batch.core.repository.support.JobRepositoryFactoryBean [restartedMain] No database type set, using meta data indicating: H2
2021-07-12 23:58:11,209 INFO org.springframework.batch.core.launch.support.SimpleJobLauncher [restartedMain] No TaskExecutor has been set, defaulting to synchronous executor.
2021-07-12 23:58:11,226 DEBUG org.springframework.data.convert.CustomConversions [restartedMain] Adding converter from class java.util.Locale to class java.lang.String as writing converter.
2021-07-12 23:58:11,226 DEBUG org.springframework.data.convert.CustomConversions [restartedMain] Adding converter from class java.lang.Character to class java.lang.String as writing converter.
2021-07-12 23:58:11,226 DEBUG org.springframework.data.convert.CustomConversions [restartedMain] Adding converter from class java.math.BigDecimal to class java.lang.String as writing converter.
2021-07-12 23:58:11,226 DEBUG org.springframework.data.convert.CustomConversions [restartedMain] Adding converter from class java.math.BigDecimal to class org.bson.types.Decimal128 as writing converter.
2021-07-12 23:58:11,226 DEBUG org.springframework.data.convert.CustomConversions [restartedMain] Adding converter from class java.lang.String to class java.math.BigDecimal as reading converter.
2021-07-12 23:58:11,226 DEBUG org.springframework.data.convert.CustomConversions [restartedMain] Adding converter from class org.bson.types.Decimal128 to class java.math.BigDecimal as reading converter.
2021-07-12 23:58:11,227 DEBUG org.springframework.data.convert.CustomConversions [restartedMain] Adding converter from class java.math.BigInteger to class java.lang.String as writing converter.
2021-07-12 23:58:11,227 DEBUG org.springframework.data.convert.CustomConversions [restartedMain] Adding converter from class java.lang.String to class java.math.BigInteger as reading converter.
2021-07-12 23:58:11,227 DEBUG org.springframework.data.convert.CustomConversions [restartedMain] Adding converter from class java.net.URL to class java.lang.String as writing converter.
2021-07-12 23:58:11,227 DEBUG org.springframework.data.convert.CustomConversions [restartedMain] Adding converter from class java.lang.String to class java.net.URL as reading converter.
2021-07-12 23:58:11,227 DEBUG org.springframework.data.convert.CustomConversions [restartedMain] Adding converter from class org.bson.Document to class java.lang.String as reading converter.
2021-07-12 23:58:11,227 DEBUG org.springframework.data.convert.CustomConversions [restartedMain] Adding converter from class org.springframework.data.mongodb.core.query.Term to class java.lang.String as writing converter.
2021-07-12 23:58:11,227 DEBUG org.springframework.data.convert.CustomConversions [restartedMain] Adding converter from class org.springframework.data.mongodb.core.script.NamedMongoScript to class org.bson.Document as writing converter.
2021-07-12 23:58:11,228 DEBUG org.springframework.data.convert.CustomConversions [restartedMain] Adding converter from class org.bson.Document to class org.springframework.data.mongodb.core.script.NamedMongoScript as reading converter.
2021-07-12 23:58:11,228 DEBUG org.springframework.data.convert.CustomConversions [restartedMain] Adding converter from class java.util.Currency to class java.lang.String as writing converter.
2021-07-12 23:58:11,228 DEBUG org.springframework.data.convert.CustomConversions [restartedMain] Adding converter from class java.lang.String to class java.util.Currency as reading converter.
2021-07-12 23:58:11,228 DEBUG org.springframework.data.convert.CustomConversions [restartedMain] Adding converter from class java.util.concurrent.atomic.AtomicInteger to class java.lang.Integer as writing converter.
2021-07-12 23:58:11,228 DEBUG org.springframework.data.convert.CustomConversions [restartedMain] Adding converter from class java.util.concurrent.atomic.AtomicLong to class java.lang.Long as writing converter.
2021-07-12 23:58:11,228 DEBUG org.springframework.data.convert.CustomConversions [restartedMain] Adding converter from class java.lang.Long to class java.util.concurrent.atomic.AtomicLong as reading converter.
2021-07-12 23:58:11,228 DEBUG org.springframework.data.convert.CustomConversions [restartedMain] Adding converter from class java.lang.Integer to class java.util.concurrent.atomic.AtomicInteger as reading converter.
2021-07-12 23:58:11,228 DEBUG org.springframework.data.convert.CustomConversions [restartedMain] Adding converter from class org.bson.types.Binary to class [B as reading converter.
2021-07-12 23:58:11,228 DEBUG org.springframework.data.convert.CustomConversions [restartedMain] Adding converter from class org.bson.BsonTimestamp to class java.time.Instant as reading converter.
2021-07-12 23:58:11,228 DEBUG org.springframework.data.convert.CustomConversions [restartedMain] Adding converter from class java.net.URI to class java.lang.String as writing converter.
2021-07-12 23:58:11,228 DEBUG org.springframework.data.convert.CustomConversions [restartedMain] Adding converter from class java.lang.String to class java.net.URI as reading converter.
2021-07-12 23:58:11,228 DEBUG org.springframework.data.convert.CustomConversions [restartedMain] Adding converter from class org.springframework.data.geo.Box to class org.bson.Document as writing converter.
2021-07-12 23:58:11,228 DEBUG org.springframework.data.convert.CustomConversions [restartedMain] Adding converter from class org.springframework.data.geo.Polygon to class org.bson.Document as writing converter.
2021-07-12 23:58:11,228 DEBUG org.springframework.data.convert.CustomConversions [restartedMain] Adding converter from class org.springframework.data.geo.Circle to class org.bson.Document as writing converter.
2021-07-12 23:58:11,228 DEBUG org.springframework.data.convert.CustomConversions [restartedMain] Adding converter from class org.springframework.data.mongodb.core.geo.Sphere to class org.bson.Document as writing converter.
2021-07-12 23:58:11,228 DEBUG org.springframework.data.convert.CustomConversions [restartedMain] Adding converter from class org.bson.Document to class org.springframework.data.geo.Box as reading converter.
2021-07-12 23:58:11,228 DEBUG org.springframework.data.convert.CustomConversions [restartedMain] Adding converter from class org.bson.Document to class org.springframework.data.geo.Polygon as reading converter.
2021-07-12 23:58:11,228 DEBUG org.springframework.data.convert.CustomConversions [restartedMain] Adding converter from class org.bson.Document to class org.springframework.data.geo.Circle as reading converter.
2021-07-12 23:58:11,228 DEBUG org.springframework.data.convert.CustomConversions [restartedMain] Adding converter from class org.bson.Document to class org.springframework.data.mongodb.core.geo.Sphere as reading converter.
2021-07-12 23:58:11,228 DEBUG org.springframework.data.convert.CustomConversions [restartedMain] Adding converter from class org.bson.Document to class org.springframework.data.geo.Point as reading converter.
2021-07-12 23:58:11,228 DEBUG org.springframework.data.convert.CustomConversions [restartedMain] Adding converter from class org.springframework.data.geo.Point to class org.bson.Document as writing converter.
2021-07-12 23:58:11,228 DEBUG org.springframework.data.convert.CustomConversions [restartedMain] Adding converter from class org.springframework.data.mongodb.core.query.GeoCommand to class org.bson.Document as writing converter.
2021-07-12 23:58:11,228 DEBUG org.springframework.data.convert.CustomConversions [restartedMain] Adding converter from interface org.springframework.data.mongodb.core.geo.GeoJson to class org.bson.Document as writing converter.
2021-07-12 23:58:11,228 DEBUG org.springframework.data.convert.CustomConversions [restartedMain] Adding converter from class org.springframework.data.mongodb.core.geo.GeoJsonPoint to class org.bson.Document as writing converter.
2021-07-12 23:58:11,228 DEBUG org.springframework.data.convert.CustomConversions [restartedMain] Adding converter from class org.springframework.data.mongodb.core.geo.GeoJsonPolygon to class org.bson.Document as writing converter.
2021-07-12 23:58:11,228 DEBUG org.springframework.data.convert.CustomConversions [restartedMain] Adding converter from class org.bson.Document to class org.springframework.data.mongodb.core.geo.GeoJsonPoint as reading converter.
2021-07-12 23:58:11,228 DEBUG org.springframework.data.convert.CustomConversions [restartedMain] Adding converter from class org.bson.Document to class org.springframework.data.mongodb.core.geo.GeoJsonPolygon as reading converter.
2021-07-12 23:58:11,228 DEBUG org.springframework.data.convert.CustomConversions [restartedMain] Adding converter from class org.bson.Document to class org.springframework.data.mongodb.core.geo.GeoJsonLineString as reading converter.
2021-07-12 23:58:11,228 DEBUG org.springframework.data.convert.CustomConversions [restartedMain] Adding converter from class org.bson.Document to class org.springframework.data.mongodb.core.geo.GeoJsonMultiLineString as reading converter.
2021-07-12 23:58:11,228 DEBUG org.springframework.data.convert.CustomConversions [restartedMain] Adding converter from class org.bson.Document to class org.springframework.data.mongodb.core.geo.GeoJsonMultiPoint as reading converter.
2021-07-12 23:58:11,228 DEBUG org.springframework.data.convert.CustomConversions [restartedMain] Adding converter from class org.bson.Document to class org.springframework.data.mongodb.core.geo.GeoJsonMultiPolygon as reading converter.
2021-07-12 23:58:11,228 DEBUG org.springframework.data.convert.CustomConversions [restartedMain] Adding converter from class org.bson.Document to class org.springframework.data.mongodb.core.geo.GeoJsonGeometryCollection as reading converter.
2021-07-12 23:58:11,228 DEBUG org.springframework.data.convert.CustomConversions [restartedMain] Adding converter from class org.bson.Document to interface org.springframework.data.mongodb.core.geo.GeoJson as reading converter.
2021-07-12 23:58:11,228 DEBUG org.springframework.data.convert.CustomConversions [restartedMain] Adding converter from class java.util.Date to class java.time.LocalDateTime as reading converter.
2021-07-12 23:58:11,228 DEBUG org.springframework.data.convert.CustomConversions [restartedMain] Adding converter from class java.time.LocalDateTime to class java.util.Date as writing converter.
2021-07-12 23:58:11,228 DEBUG org.springframework.data.convert.CustomConversions [restartedMain] Adding converter from class java.util.Date to class java.time.LocalDate as reading converter.
2021-07-12 23:58:11,228 DEBUG org.springframework.data.convert.CustomConversions [restartedMain] Adding converter from class java.time.LocalDate to class java.util.Date as writing converter.
2021-07-12 23:58:11,228 DEBUG org.springframework.data.convert.CustomConversions [restartedMain] Adding converter from class java.util.Date to class java.time.LocalTime as reading converter.
2021-07-12 23:58:11,228 DEBUG org.springframework.data.convert.CustomConversions [restartedMain] Adding converter from class java.time.LocalTime to class java.util.Date as writing converter.
2021-07-12 23:58:11,228 DEBUG org.springframework.data.convert.CustomConversions [restartedMain] Adding converter from class java.util.Date to class java.time.Instant as reading converter.
2021-07-12 23:58:11,228 DEBUG org.springframework.data.convert.CustomConversions [restartedMain] Adding converter from class java.time.Instant to class java.util.Date as writing converter.
2021-07-12 23:58:11,228 DEBUG org.springframework.data.convert.CustomConversions [restartedMain] Skipping converter from class java.time.LocalDateTime to class java.time.Instant as reading converter. class java.time.LocalDateTime is not a store supported simple type!
2021-07-12 23:58:11,228 DEBUG org.springframework.data.convert.CustomConversions [restartedMain] Skipping converter from class java.time.Instant to class java.time.LocalDateTime as reading converter. class java.time.Instant is not a store supported simple type!
2021-07-12 23:58:11,228 DEBUG org.springframework.data.convert.CustomConversions [restartedMain] Adding converter from class java.time.ZoneId to class java.lang.String as writing converter.
2021-07-12 23:58:11,229 DEBUG org.springframework.data.convert.CustomConversions [restartedMain] Adding converter from class java.lang.String to class java.time.ZoneId as reading converter.
2021-07-12 23:58:11,229 DEBUG org.springframework.data.convert.CustomConversions [restartedMain] Adding converter from class java.time.Duration to class java.lang.String as writing converter.
2021-07-12 23:58:11,229 DEBUG org.springframework.data.convert.CustomConversions [restartedMain] Adding converter from class java.lang.String to class java.time.Duration as reading converter.
2021-07-12 23:58:11,229 DEBUG org.springframework.data.convert.CustomConversions [restartedMain] Adding converter from class java.time.Period to class java.lang.String as writing converter.
2021-07-12 23:58:11,229 DEBUG org.springframework.data.convert.CustomConversions [restartedMain] Adding converter from class java.lang.String to class java.time.Period as reading converter.
2021-07-12 23:58:11,229 DEBUG org.springframework.data.convert.CustomConversions [restartedMain] Adding converter from class java.lang.String to class java.time.LocalDate as reading converter.
2021-07-12 23:58:11,229 DEBUG org.springframework.data.convert.CustomConversions [restartedMain] Adding converter from class java.lang.String to class java.time.LocalDateTime as reading converter.
2021-07-12 23:58:11,229 DEBUG org.springframework.data.convert.CustomConversions [restartedMain] Adding converter from class java.lang.String to class java.time.Instant as reading converter.
2021-07-12 23:58:11,235 DEBUG org.springframework.data.convert.CustomConversions [restartedMain] Adding converter from class java.util.Locale to class java.lang.String as writing converter.
2021-07-12 23:58:11,235 DEBUG org.springframework.data.convert.CustomConversions [restartedMain] Adding converter from class java.lang.Character to class java.lang.String as writing converter.
2021-07-12 23:58:11,235 DEBUG org.springframework.data.convert.CustomConversions [restartedMain] Adding converter from class java.math.BigDecimal to class java.lang.String as writing converter.
2021-07-12 23:58:11,235 DEBUG org.springframework.data.convert.CustomConversions [restartedMain] Adding converter from class java.math.BigDecimal to class org.bson.types.Decimal128 as writing converter.
2021-07-12 23:58:11,235 DEBUG org.springframework.data.convert.CustomConversions [restartedMain] Adding converter from class java.lang.String to class java.math.BigDecimal as reading converter.
2021-07-12 23:58:11,235 DEBUG org.springframework.data.convert.CustomConversions [restartedMain] Adding converter from class org.bson.types.Decimal128 to class java.math.BigDecimal as reading converter.
2021-07-12 23:58:11,235 DEBUG org.springframework.data.convert.CustomConversions [restartedMain] Adding converter from class java.math.BigInteger to class java.lang.String as writing converter.
2021-07-12 23:58:11,235 DEBUG org.springframework.data.convert.CustomConversions [restartedMain] Adding converter from class java.lang.String to class java.math.BigInteger as reading converter.
2021-07-12 23:58:11,235 DEBUG org.springframework.data.convert.CustomConversions [restartedMain] Adding converter from class java.net.URL to class java.lang.String as writing converter.
2021-07-12 23:58:11,236 DEBUG org.springframework.data.convert.CustomConversions [restartedMain] Adding converter from class java.lang.String to class java.net.URL as reading converter.
2021-07-12 23:58:11,236 DEBUG org.springframework.data.convert.CustomConversions [restartedMain] Adding converter from class org.bson.Document to class java.lang.String as reading converter.
2021-07-12 23:58:11,236 DEBUG org.springframework.data.convert.CustomConversions [restartedMain] Adding converter from class org.springframework.data.mongodb.core.query.Term to class java.lang.String as writing converter.
2021-07-12 23:58:11,236 DEBUG org.springframework.data.convert.CustomConversions [restartedMain] Adding converter from class org.springframework.data.mongodb.core.script.NamedMongoScript to class org.bson.Document as writing converter.
2021-07-12 23:58:11,236 DEBUG org.springframework.data.convert.CustomConversions [restartedMain] Adding converter from class org.bson.Document to class org.springframework.data.mongodb.core.script.NamedMongoScript as reading converter.
2021-07-12 23:58:11,236 DEBUG org.springframework.data.convert.CustomConversions [restartedMain] Adding converter from class java.util.Currency to class java.lang.String as writing converter.
2021-07-12 23:58:11,236 DEBUG org.springframework.data.convert.CustomConversions [restartedMain] Adding converter from class java.lang.String to class java.util.Currency as reading converter.
2021-07-12 23:58:11,236 DEBUG org.springframework.data.convert.CustomConversions [restartedMain] Adding converter from class java.util.concurrent.atomic.AtomicInteger to class java.lang.Integer as writing converter.
2021-07-12 23:58:11,236 DEBUG org.springframework.data.convert.CustomConversions [restartedMain] Adding converter from class java.util.concurrent.atomic.AtomicLong to class java.lang.Long as writing converter.
2021-07-12 23:58:11,236 DEBUG org.springframework.data.convert.CustomConversions [restartedMain] Adding converter from class java.lang.Long to class java.util.concurrent.atomic.AtomicLong as reading converter.
2021-07-12 23:58:11,236 DEBUG org.springframework.data.convert.CustomConversions [restartedMain] Adding converter from class java.lang.Integer to class java.util.concurrent.atomic.AtomicInteger as reading converter.
2021-07-12 23:58:11,236 DEBUG org.springframework.data.convert.CustomConversions [restartedMain] Adding converter from class org.bson.types.Binary to class [B as reading converter.
2021-07-12 23:58:11,236 DEBUG org.springframework.data.convert.CustomConversions [restartedMain] Adding converter from class org.bson.BsonTimestamp to class java.time.Instant as reading converter.
2021-07-12 23:58:11,236 DEBUG org.springframework.data.convert.CustomConversions [restartedMain] Adding converter from class java.net.URI to class java.lang.String as writing converter.
2021-07-12 23:58:11,236 DEBUG org.springframework.data.convert.CustomConversions [restartedMain] Adding converter from class java.lang.String to class java.net.URI as reading converter.
2021-07-12 23:58:11,236 DEBUG org.springframework.data.convert.CustomConversions [restartedMain] Adding converter from class org.springframework.data.geo.Box to class org.bson.Document as writing converter.
2021-07-12 23:58:11,236 DEBUG org.springframework.data.convert.CustomConversions [restartedMain] Adding converter from class org.springframework.data.geo.Polygon to class org.bson.Document as writing converter.
2021-07-12 23:58:11,236 DEBUG org.springframework.data.convert.CustomConversions [restartedMain] Adding converter from class org.springframework.data.geo.Circle to class org.bson.Document as writing converter.
2021-07-12 23:58:11,236 DEBUG org.springframework.data.convert.CustomConversions [restartedMain] Adding converter from class org.springframework.data.mongodb.core.geo.Sphere to class org.bson.Document as writing converter.
2021-07-12 23:58:11,236 DEBUG org.springframework.data.convert.CustomConversions [restartedMain] Adding converter from class org.bson.Document to class org.springframework.data.geo.Box as reading converter.
2021-07-12 23:58:11,236 DEBUG org.springframework.data.convert.CustomConversions [restartedMain] Adding converter from class org.bson.Document to class org.springframework.data.geo.Polygon as reading converter.
2021-07-12 23:58:11,236 DEBUG org.springframework.data.convert.CustomConversions [restartedMain] Adding converter from class org.bson.Document to class org.springframework.data.geo.Circle as reading converter.
2021-07-12 23:58:11,236 DEBUG org.springframework.data.convert.CustomConversions [restartedMain] Adding converter from class org.bson.Document to class org.springframework.data.mongodb.core.geo.Sphere as reading converter.
2021-07-12 23:58:11,236 DEBUG org.springframework.data.convert.CustomConversions [restartedMain] Adding converter from class org.bson.Document to class org.springframework.data.geo.Point as reading converter.
2021-07-12 23:58:11,236 DEBUG org.springframework.data.convert.CustomConversions [restartedMain] Adding converter from class org.springframework.data.geo.Point to class org.bson.Document as writing converter.
2021-07-12 23:58:11,236 DEBUG org.springframework.data.convert.CustomConversions [restartedMain] Adding converter from class org.springframework.data.mongodb.core.query.GeoCommand to class org.bson.Document as writing converter.
2021-07-12 23:58:11,236 DEBUG org.springframework.data.convert.CustomConversions [restartedMain] Adding converter from interface org.springframework.data.mongodb.core.geo.GeoJson to class org.bson.Document as writing converter.
2021-07-12 23:58:11,236 DEBUG org.springframework.data.convert.CustomConversions [restartedMain] Adding converter from class org.springframework.data.mongodb.core.geo.GeoJsonPoint to class org.bson.Document as writing converter.
2021-07-12 23:58:11,237 DEBUG org.springframework.data.convert.CustomConversions [restartedMain] Adding converter from class org.springframework.data.mongodb.core.geo.GeoJsonPolygon to class org.bson.Document as writing converter.
2021-07-12 23:58:11,238 DEBUG org.springframework.data.convert.CustomConversions [restartedMain] Adding converter from class org.bson.Document to class org.springframework.data.mongodb.core.geo.GeoJsonPoint as reading converter.
2021-07-12 23:58:11,238 DEBUG org.springframework.data.convert.CustomConversions [restartedMain] Adding converter from class org.bson.Document to class org.springframework.data.mongodb.core.geo.GeoJsonPolygon as reading converter.
2021-07-12 23:58:11,238 DEBUG org.springframework.data.convert.CustomConversions [restartedMain] Adding converter from class org.bson.Document to class org.springframework.data.mongodb.core.geo.GeoJsonLineString as reading converter.
2021-07-12 23:58:11,238 DEBUG org.springframework.data.convert.CustomConversions [restartedMain] Adding converter from class org.bson.Document to class org.springframework.data.mongodb.core.geo.GeoJsonMultiLineString as reading converter.
2021-07-12 23:58:11,238 DEBUG org.springframework.data.convert.CustomConversions [restartedMain] Adding converter from class org.bson.Document to class org.springframework.data.mongodb.core.geo.GeoJsonMultiPoint as reading converter.
2021-07-12 23:58:11,238 DEBUG org.springframework.data.convert.CustomConversions [restartedMain] Adding converter from class org.bson.Document to class org.springframework.data.mongodb.core.geo.GeoJsonMultiPolygon as reading converter.
2021-07-12 23:58:11,238 DEBUG org.springframework.data.convert.CustomConversions [restartedMain] Adding converter from class org.bson.Document to class org.springframework.data.mongodb.core.geo.GeoJsonGeometryCollection as reading converter.
2021-07-12 23:58:11,238 DEBUG org.springframework.data.convert.CustomConversions [restartedMain] Adding converter from class org.bson.Document to interface org.springframework.data.mongodb.core.geo.GeoJson as reading converter.
2021-07-12 23:58:11,238 DEBUG org.springframework.data.convert.CustomConversions [restartedMain] Adding converter from class java.util.Date to class java.time.LocalDateTime as reading converter.
2021-07-12 23:58:11,238 DEBUG org.springframework.data.convert.CustomConversions [restartedMain] Adding converter from class java.time.LocalDateTime to class java.util.Date as writing converter.
2021-07-12 23:58:11,238 DEBUG org.springframework.data.convert.CustomConversions [restartedMain] Adding converter from class java.util.Date to class java.time.LocalDate as reading converter.
2021-07-12 23:58:11,238 DEBUG org.springframework.data.convert.CustomConversions [restartedMain] Adding converter from class java.time.LocalDate to class java.util.Date as writing converter.
2021-07-12 23:58:11,238 DEBUG org.springframework.data.convert.CustomConversions [restartedMain] Adding converter from class java.util.Date to class java.time.LocalTime as reading converter.
2021-07-12 23:58:11,238 DEBUG org.springframework.data.convert.CustomConversions [restartedMain] Adding converter from class java.time.LocalTime to class java.util.Date as writing converter.
2021-07-12 23:58:11,238 DEBUG org.springframework.data.convert.CustomConversions [restartedMain] Adding converter from class java.util.Date to class java.time.Instant as reading converter.
2021-07-12 23:58:11,238 DEBUG org.springframework.data.convert.CustomConversions [restartedMain] Adding converter from class java.time.Instant to class java.util.Date as writing converter.
2021-07-12 23:58:11,238 DEBUG org.springframework.data.convert.CustomConversions [restartedMain] Skipping converter from class java.time.LocalDateTime to class java.time.Instant as reading converter. class java.time.LocalDateTime is not a store supported simple type!
2021-07-12 23:58:11,238 DEBUG org.springframework.data.convert.CustomConversions [restartedMain] Skipping converter from class java.time.Instant to class java.time.LocalDateTime as reading converter. class java.time.Instant is not a store supported simple type!
2021-07-12 23:58:11,238 DEBUG org.springframework.data.convert.CustomConversions [restartedMain] Adding converter from class java.time.ZoneId to class java.lang.String as writing converter.
2021-07-12 23:58:11,238 DEBUG org.springframework.data.convert.CustomConversions [restartedMain] Adding converter from class java.lang.String to class java.time.ZoneId as reading converter.
2021-07-12 23:58:11,238 DEBUG org.springframework.data.convert.CustomConversions [restartedMain] Adding converter from class java.time.Duration to class java.lang.String as writing converter.
2021-07-12 23:58:11,238 DEBUG org.springframework.data.convert.CustomConversions [restartedMain] Adding converter from class java.lang.String to class java.time.Duration as reading converter.
2021-07-12 23:58:11,238 DEBUG org.springframework.data.convert.CustomConversions [restartedMain] Adding converter from class java.time.Period to class java.lang.String as writing converter.
2021-07-12 23:58:11,238 DEBUG org.springframework.data.convert.CustomConversions [restartedMain] Adding converter from class java.lang.String to class java.time.Period as reading converter.
2021-07-12 23:58:11,238 DEBUG org.springframework.data.convert.CustomConversions [restartedMain] Adding converter from class java.lang.String to class java.time.LocalDate as reading converter.
2021-07-12 23:58:11,238 DEBUG org.springframework.data.convert.CustomConversions [restartedMain] Adding converter from class java.lang.String to class java.time.LocalDateTime as reading converter.
2021-07-12 23:58:11,238 DEBUG org.springframework.data.convert.CustomConversions [restartedMain] Adding converter from class java.lang.String to class java.time.Instant as reading converter.
2021-07-12 23:58:11,250 DEBUG org.springframework.data.convert.CustomConversions [restartedMain] Adding converter from class java.lang.String to class [B as writing converter.
2021-07-12 23:58:11,250 DEBUG org.springframework.data.convert.CustomConversions [restartedMain] Adding converter from class [B to class java.lang.String as reading converter.
2021-07-12 23:58:11,250 DEBUG org.springframework.data.convert.CustomConversions [restartedMain] Adding converter from class java.lang.Number to class [B as writing converter.
2021-07-12 23:58:11,250 DEBUG org.springframework.data.convert.CustomConversions [restartedMain] Adding converter from class [B to class java.lang.Number as reading converter.
2021-07-12 23:58:11,250 DEBUG org.springframework.data.convert.CustomConversions [restartedMain] Adding converter from class java.lang.Enum to class [B as writing converter.
2021-07-12 23:58:11,250 DEBUG org.springframework.data.convert.CustomConversions [restartedMain] Adding converter from class [B to class java.lang.Enum as reading converter.
2021-07-12 23:58:11,250 DEBUG org.springframework.data.convert.CustomConversions [restartedMain] Adding converter from class java.lang.Boolean to class [B as writing converter.
2021-07-12 23:58:11,250 DEBUG org.springframework.data.convert.CustomConversions [restartedMain] Adding converter from class [B to class java.lang.Boolean as reading converter.
2021-07-12 23:58:11,250 DEBUG org.springframework.data.convert.CustomConversions [restartedMain] Adding converter from class java.util.Date to class [B as writing converter.
2021-07-12 23:58:11,250 DEBUG org.springframework.data.convert.CustomConversions [restartedMain] Adding converter from class [B to class java.util.Date as reading converter.
2021-07-12 23:58:11,250 DEBUG org.springframework.data.convert.CustomConversions [restartedMain] Adding converter from class java.util.UUID to class [B as writing converter.
2021-07-12 23:58:11,250 DEBUG org.springframework.data.convert.CustomConversions [restartedMain] Adding converter from class [B to class java.util.UUID as reading converter.
2021-07-12 23:58:11,250 DEBUG org.springframework.data.convert.CustomConversions [restartedMain] Adding converter from class java.time.LocalDateTime to class [B as writing converter.
2021-07-12 23:58:11,250 DEBUG org.springframework.data.convert.CustomConversions [restartedMain] Adding converter from class [B to class java.time.LocalDateTime as reading converter.
2021-07-12 23:58:11,250 DEBUG org.springframework.data.convert.CustomConversions [restartedMain] Adding converter from class java.time.LocalDate to class [B as writing converter.
2021-07-12 23:58:11,250 DEBUG org.springframework.data.convert.CustomConversions [restartedMain] Adding converter from class [B to class java.time.LocalDate as reading converter.
2021-07-12 23:58:11,250 DEBUG org.springframework.data.convert.CustomConversions [restartedMain] Adding converter from class java.time.LocalTime to class [B as writing converter.
2021-07-12 23:58:11,250 DEBUG org.springframework.data.convert.CustomConversions [restartedMain] Adding converter from class [B to class java.time.LocalTime as reading converter.
2021-07-12 23:58:11,250 DEBUG org.springframework.data.convert.CustomConversions [restartedMain] Adding converter from class java.time.ZonedDateTime to class [B as writing converter.
2021-07-12 23:58:11,250 DEBUG org.springframework.data.convert.CustomConversions [restartedMain] Adding converter from class [B to class java.time.ZonedDateTime as reading converter.
2021-07-12 23:58:11,250 DEBUG org.springframework.data.convert.CustomConversions [restartedMain] Adding converter from class java.time.Instant to class [B as writing converter.
2021-07-12 23:58:11,250 DEBUG org.springframework.data.convert.CustomConversions [restartedMain] Adding converter from class [B to class java.time.Instant as reading converter.
2021-07-12 23:58:11,250 DEBUG org.springframework.data.convert.CustomConversions [restartedMain] Adding converter from class java.time.ZoneId to class [B as writing converter.
2021-07-12 23:58:11,250 DEBUG org.springframework.data.convert.CustomConversions [restartedMain] Adding converter from class [B to class java.time.ZoneId as reading converter.
2021-07-12 23:58:11,250 DEBUG org.springframework.data.convert.CustomConversions [restartedMain] Adding converter from class java.time.Period to class [B as writing converter.
2021-07-12 23:58:11,250 DEBUG org.springframework.data.convert.CustomConversions [restartedMain] Adding converter from class [B to class java.time.Period as reading converter.
2021-07-12 23:58:11,250 DEBUG org.springframework.data.convert.CustomConversions [restartedMain] Adding converter from class java.time.Duration to class [B as writing converter.
2021-07-12 23:58:11,250 DEBUG org.springframework.data.convert.CustomConversions [restartedMain] Adding converter from class [B to class java.time.Duration as reading converter.
2021-07-12 23:58:11,250 DEBUG org.springframework.data.convert.CustomConversions [restartedMain] Adding converter from class java.util.Date to class java.time.LocalDateTime as reading converter.
2021-07-12 23:58:11,250 DEBUG org.springframework.data.convert.CustomConversions [restartedMain] Adding converter from class java.time.LocalDateTime to class java.util.Date as writing converter.
2021-07-12 23:58:11,250 DEBUG org.springframework.data.convert.CustomConversions [restartedMain] Adding converter from class java.util.Date to class java.time.LocalDate as reading converter.
2021-07-12 23:58:11,250 DEBUG org.springframework.data.convert.CustomConversions [restartedMain] Adding converter from class java.time.LocalDate to class java.util.Date as writing converter.
2021-07-12 23:58:11,250 DEBUG org.springframework.data.convert.CustomConversions [restartedMain] Adding converter from class java.util.Date to class java.time.LocalTime as reading converter.
2021-07-12 23:58:11,250 DEBUG org.springframework.data.convert.CustomConversions [restartedMain] Adding converter from class java.time.LocalTime to class java.util.Date as writing converter.
2021-07-12 23:58:11,250 DEBUG org.springframework.data.convert.CustomConversions [restartedMain] Adding converter from class java.util.Date to class java.time.Instant as reading converter.
2021-07-12 23:58:11,250 DEBUG org.springframework.data.convert.CustomConversions [restartedMain] Adding converter from class java.time.Instant to class java.util.Date as writing converter.
2021-07-12 23:58:11,250 DEBUG org.springframework.data.convert.CustomConversions [restartedMain] Adding converter from class java.time.LocalDateTime to class java.time.Instant as reading converter.
2021-07-12 23:58:11,250 DEBUG org.springframework.data.convert.CustomConversions [restartedMain] Adding converter from class java.time.Instant to class java.time.LocalDateTime as reading converter.
2021-07-12 23:58:11,250 DEBUG org.springframework.data.convert.CustomConversions [restartedMain] Adding converter from class java.time.ZoneId to class java.lang.String as writing converter.
2021-07-12 23:58:11,250 DEBUG org.springframework.data.convert.CustomConversions [restartedMain] Adding converter from class java.lang.String to class java.time.ZoneId as reading converter.
2021-07-12 23:58:11,250 DEBUG org.springframework.data.convert.CustomConversions [restartedMain] Adding converter from class java.time.Duration to class java.lang.String as writing converter.
2021-07-12 23:58:11,250 DEBUG org.springframework.data.convert.CustomConversions [restartedMain] Adding converter from class java.lang.String to class java.time.Duration as reading converter.
2021-07-12 23:58:11,250 DEBUG org.springframework.data.convert.CustomConversions [restartedMain] Adding converter from class java.time.Period to class java.lang.String as writing converter.
2021-07-12 23:58:11,250 DEBUG org.springframework.data.convert.CustomConversions [restartedMain] Adding converter from class java.lang.String to class java.time.Period as reading converter.
2021-07-12 23:58:11,250 DEBUG org.springframework.data.convert.CustomConversions [restartedMain] Adding converter from class java.lang.String to class java.time.LocalDate as reading converter.
2021-07-12 23:58:11,250 DEBUG org.springframework.data.convert.CustomConversions [restartedMain] Adding converter from class java.lang.String to class java.time.LocalDateTime as reading converter.
2021-07-12 23:58:11,250 DEBUG org.springframework.data.convert.CustomConversions [restartedMain] Adding converter from class java.lang.String to class java.time.Instant as reading converter.
2021-07-12 23:58:11,253 DEBUG org.springframework.data.convert.CustomConversions [restartedMain] Adding converter from class java.lang.String to class [B as writing converter.
2021-07-12 23:58:11,253 DEBUG org.springframework.data.convert.CustomConversions [restartedMain] Adding converter from class [B to class java.lang.String as reading converter.
2021-07-12 23:58:11,253 DEBUG org.springframework.data.convert.CustomConversions [restartedMain] Adding converter from class java.lang.Number to class [B as writing converter.
2021-07-12 23:58:11,253 DEBUG org.springframework.data.convert.CustomConversions [restartedMain] Adding converter from class [B to class java.lang.Number as reading converter.
2021-07-12 23:58:11,253 DEBUG org.springframework.data.convert.CustomConversions [restartedMain] Adding converter from class java.lang.Enum to class [B as writing converter.
2021-07-12 23:58:11,253 DEBUG org.springframework.data.convert.CustomConversions [restartedMain] Adding converter from class [B to class java.lang.Enum as reading converter.
2021-07-12 23:58:11,253 DEBUG org.springframework.data.convert.CustomConversions [restartedMain] Adding converter from class java.lang.Boolean to class [B as writing converter.
2021-07-12 23:58:11,253 DEBUG org.springframework.data.convert.CustomConversions [restartedMain] Adding converter from class [B to class java.lang.Boolean as reading converter.
2021-07-12 23:58:11,253 DEBUG org.springframework.data.convert.CustomConversions [restartedMain] Adding converter from class java.util.Date to class [B as writing converter.
2021-07-12 23:58:11,253 DEBUG org.springframework.data.convert.CustomConversions [restartedMain] Adding converter from class [B to class java.util.Date as reading converter.
2021-07-12 23:58:11,253 DEBUG org.springframework.data.convert.CustomConversions [restartedMain] Adding converter from class java.util.UUID to class [B as writing converter.
2021-07-12 23:58:11,253 DEBUG org.springframework.data.convert.CustomConversions [restartedMain] Adding converter from class [B to class java.util.UUID as reading converter.
2021-07-12 23:58:11,253 DEBUG org.springframework.data.convert.CustomConversions [restartedMain] Adding converter from class java.time.LocalDateTime to class [B as writing converter.
2021-07-12 23:58:11,253 DEBUG org.springframework.data.convert.CustomConversions [restartedMain] Adding converter from class [B to class java.time.LocalDateTime as reading converter.
2021-07-12 23:58:11,253 DEBUG org.springframework.data.convert.CustomConversions [restartedMain] Adding converter from class java.time.LocalDate to class [B as writing converter.
2021-07-12 23:58:11,253 DEBUG org.springframework.data.convert.CustomConversions [restartedMain] Adding converter from class [B to class java.time.LocalDate as reading converter.
2021-07-12 23:58:11,254 DEBUG org.springframework.data.convert.CustomConversions [restartedMain] Adding converter from class java.time.LocalTime to class [B as writing converter.
2021-07-12 23:58:11,254 DEBUG org.springframework.data.convert.CustomConversions [restartedMain] Adding converter from class [B to class java.time.LocalTime as reading converter.
2021-07-12 23:58:11,254 DEBUG org.springframework.data.convert.CustomConversions [restartedMain] Adding converter from class java.time.ZonedDateTime to class [B as writing converter.
2021-07-12 23:58:11,254 DEBUG org.springframework.data.convert.CustomConversions [restartedMain] Adding converter from class [B to class java.time.ZonedDateTime as reading converter.
2021-07-12 23:58:11,254 DEBUG org.springframework.data.convert.CustomConversions [restartedMain] Adding converter from class java.time.Instant to class [B as writing converter.
2021-07-12 23:58:11,254 DEBUG org.springframework.data.convert.CustomConversions [restartedMain] Adding converter from class [B to class java.time.Instant as reading converter.
2021-07-12 23:58:11,254 DEBUG org.springframework.data.convert.CustomConversions [restartedMain] Adding converter from class java.time.ZoneId to class [B as writing converter.
2021-07-12 23:58:11,254 DEBUG org.springframework.data.convert.CustomConversions [restartedMain] Adding converter from class [B to class java.time.ZoneId as reading converter.
2021-07-12 23:58:11,254 DEBUG org.springframework.data.convert.CustomConversions [restartedMain] Adding converter from class java.time.Period to class [B as writing converter.
2021-07-12 23:58:11,254 DEBUG org.springframework.data.convert.CustomConversions [restartedMain] Adding converter from class [B to class java.time.Period as reading converter.
2021-07-12 23:58:11,254 DEBUG org.springframework.data.convert.CustomConversions [restartedMain] Adding converter from class java.time.Duration to class [B as writing converter.
2021-07-12 23:58:11,254 DEBUG org.springframework.data.convert.CustomConversions [restartedMain] Adding converter from class [B to class java.time.Duration as reading converter.
2021-07-12 23:58:11,254 DEBUG org.springframework.data.convert.CustomConversions [restartedMain] Adding converter from class java.util.Date to class java.time.LocalDateTime as reading converter.
2021-07-12 23:58:11,254 DEBUG org.springframework.data.convert.CustomConversions [restartedMain] Adding converter from class java.time.LocalDateTime to class java.util.Date as writing converter.
2021-07-12 23:58:11,254 DEBUG org.springframework.data.convert.CustomConversions [restartedMain] Adding converter from class java.util.Date to class java.time.LocalDate as reading converter.
2021-07-12 23:58:11,254 DEBUG org.springframework.data.convert.CustomConversions [restartedMain] Adding converter from class java.time.LocalDate to class java.util.Date as writing converter.
2021-07-12 23:58:11,254 DEBUG org.springframework.data.convert.CustomConversions [restartedMain] Adding converter from class java.util.Date to class java.time.LocalTime as reading converter.
2021-07-12 23:58:11,254 DEBUG org.springframework.data.convert.CustomConversions [restartedMain] Adding converter from class java.time.LocalTime to class java.util.Date as writing converter.
2021-07-12 23:58:11,254 DEBUG org.springframework.data.convert.CustomConversions [restartedMain] Adding converter from class java.util.Date to class java.time.Instant as reading converter.
2021-07-12 23:58:11,254 DEBUG org.springframework.data.convert.CustomConversions [restartedMain] Adding converter from class java.time.Instant to class java.util.Date as writing converter.
2021-07-12 23:58:11,254 DEBUG org.springframework.data.convert.CustomConversions [restartedMain] Adding converter from class java.time.LocalDateTime to class java.time.Instant as reading converter.
2021-07-12 23:58:11,254 DEBUG org.springframework.data.convert.CustomConversions [restartedMain] Adding converter from class java.time.Instant to class java.time.LocalDateTime as reading converter.
2021-07-12 23:58:11,254 DEBUG org.springframework.data.convert.CustomConversions [restartedMain] Adding converter from class java.time.ZoneId to class java.lang.String as writing converter.
2021-07-12 23:58:11,254 DEBUG org.springframework.data.convert.CustomConversions [restartedMain] Adding converter from class java.lang.String to class java.time.ZoneId as reading converter.
2021-07-12 23:58:11,254 DEBUG org.springframework.data.convert.CustomConversions [restartedMain] Adding converter from class java.time.Duration to class java.lang.String as writing converter.
2021-07-12 23:58:11,254 DEBUG org.springframework.data.convert.CustomConversions [restartedMain] Adding converter from class java.lang.String to class java.time.Duration as reading converter.
2021-07-12 23:58:11,254 DEBUG org.springframework.data.convert.CustomConversions [restartedMain] Adding converter from class java.time.Period to class java.lang.String as writing converter.
2021-07-12 23:58:11,254 DEBUG org.springframework.data.convert.CustomConversions [restartedMain] Adding converter from class java.lang.String to class java.time.Period as reading converter.
2021-07-12 23:58:11,254 DEBUG org.springframework.data.convert.CustomConversions [restartedMain] Adding converter from class java.lang.String to class java.time.LocalDate as reading converter.
2021-07-12 23:58:11,254 DEBUG org.springframework.data.convert.CustomConversions [restartedMain] Adding converter from class java.lang.String to class java.time.LocalDateTime as reading converter.
2021-07-12 23:58:11,254 DEBUG org.springframework.data.convert.CustomConversions [restartedMain] Adding converter from class java.lang.String to class java.time.Instant as reading converter.
2021-07-12 23:58:11,254 DEBUG org.springframework.data.convert.CustomConversions [restartedMain] Adding converter from class java.lang.String to class [B as writing converter.
2021-07-12 23:58:11,254 DEBUG org.springframework.data.convert.CustomConversions [restartedMain] Adding converter from class [B to class java.lang.String as reading converter.
2021-07-12 23:58:11,254 DEBUG org.springframework.data.convert.CustomConversions [restartedMain] Adding converter from class java.lang.Number to class [B as writing converter.
2021-07-12 23:58:11,254 DEBUG org.springframework.data.convert.CustomConversions [restartedMain] Adding converter from class [B to class java.lang.Number as reading converter.
2021-07-12 23:58:11,254 DEBUG org.springframework.data.convert.CustomConversions [restartedMain] Adding converter from class java.lang.Enum to class [B as writing converter.
2021-07-12 23:58:11,254 DEBUG org.springframework.data.convert.CustomConversions [restartedMain] Adding converter from class [B to class java.lang.Enum as reading converter.
2021-07-12 23:58:11,254 DEBUG org.springframework.data.convert.CustomConversions [restartedMain] Adding converter from class java.lang.Boolean to class [B as writing converter.
2021-07-12 23:58:11,254 DEBUG org.springframework.data.convert.CustomConversions [restartedMain] Adding converter from class [B to class java.lang.Boolean as reading converter.
2021-07-12 23:58:11,254 DEBUG org.springframework.data.convert.CustomConversions [restartedMain] Adding converter from class java.util.Date to class [B as writing converter.
2021-07-12 23:58:11,254 DEBUG org.springframework.data.convert.CustomConversions [restartedMain] Adding converter from class [B to class java.util.Date as reading converter.
2021-07-12 23:58:11,254 DEBUG org.springframework.data.convert.CustomConversions [restartedMain] Adding converter from class java.util.UUID to class [B as writing converter.
2021-07-12 23:58:11,254 DEBUG org.springframework.data.convert.CustomConversions [restartedMain] Adding converter from class [B to class java.util.UUID as reading converter.
2021-07-12 23:58:11,254 DEBUG org.springframework.data.convert.CustomConversions [restartedMain] Adding converter from class java.time.LocalDateTime to class [B as writing converter.
2021-07-12 23:58:11,254 DEBUG org.springframework.data.convert.CustomConversions [restartedMain] Adding converter from class [B to class java.time.LocalDateTime as reading converter.
2021-07-12 23:58:11,254 DEBUG org.springframework.data.convert.CustomConversions [restartedMain] Adding converter from class java.time.LocalDate to class [B as writing converter.
2021-07-12 23:58:11,255 DEBUG org.springframework.data.convert.CustomConversions [restartedMain] Adding converter from class [B to class java.time.LocalDate as reading converter.
2021-07-12 23:58:11,255 DEBUG org.springframework.data.convert.CustomConversions [restartedMain] Adding converter from class java.time.LocalTime to class [B as writing converter.
2021-07-12 23:58:11,255 DEBUG org.springframework.data.convert.CustomConversions [restartedMain] Adding converter from class [B to class java.time.LocalTime as reading converter.
2021-07-12 23:58:11,255 DEBUG org.springframework.data.convert.CustomConversions [restartedMain] Adding converter from class java.time.ZonedDateTime to class [B as writing converter.
2021-07-12 23:58:11,255 DEBUG org.springframework.data.convert.CustomConversions [restartedMain] Adding converter from class [B to class java.time.ZonedDateTime as reading converter.
2021-07-12 23:58:11,255 DEBUG org.springframework.data.convert.CustomConversions [restartedMain] Adding converter from class java.time.Instant to class [B as writing converter.
2021-07-12 23:58:11,255 DEBUG org.springframework.data.convert.CustomConversions [restartedMain] Adding converter from class [B to class java.time.Instant as reading converter.
2021-07-12 23:58:11,255 DEBUG org.springframework.data.convert.CustomConversions [restartedMain] Adding converter from class java.time.ZoneId to class [B as writing converter.
2021-07-12 23:58:11,255 DEBUG org.springframework.data.convert.CustomConversions [restartedMain] Adding converter from class [B to class java.time.ZoneId as reading converter.
2021-07-12 23:58:11,255 DEBUG org.springframework.data.convert.CustomConversions [restartedMain] Adding converter from class java.time.Period to class [B as writing converter.
2021-07-12 23:58:11,255 DEBUG org.springframework.data.convert.CustomConversions [restartedMain] Adding converter from class [B to class java.time.Period as reading converter.
2021-07-12 23:58:11,255 DEBUG org.springframework.data.convert.CustomConversions [restartedMain] Adding converter from class java.time.Duration to class [B as writing converter.
2021-07-12 23:58:11,255 DEBUG org.springframework.data.convert.CustomConversions [restartedMain] Adding converter from class [B to class java.time.Duration as reading converter.
2021-07-12 23:58:11,255 DEBUG org.springframework.data.convert.CustomConversions [restartedMain] Adding converter from class java.util.Date to class java.time.LocalDateTime as reading converter.
2021-07-12 23:58:11,255 DEBUG org.springframework.data.convert.CustomConversions [restartedMain] Adding converter from class java.time.LocalDateTime to class java.util.Date as writing converter.
2021-07-12 23:58:11,255 DEBUG org.springframework.data.convert.CustomConversions [restartedMain] Adding converter from class java.util.Date to class java.time.LocalDate as reading converter.
2021-07-12 23:58:11,255 DEBUG org.springframework.data.convert.CustomConversions [restartedMain] Adding converter from class java.time.LocalDate to class java.util.Date as writing converter.
2021-07-12 23:58:11,255 DEBUG org.springframework.data.convert.CustomConversions [restartedMain] Adding converter from class java.util.Date to class java.time.LocalTime as reading converter.
2021-07-12 23:58:11,255 DEBUG org.springframework.data.convert.CustomConversions [restartedMain] Adding converter from class java.time.LocalTime to class java.util.Date as writing converter.
2021-07-12 23:58:11,255 DEBUG org.springframework.data.convert.CustomConversions [restartedMain] Adding converter from class java.util.Date to class java.time.Instant as reading converter.
2021-07-12 23:58:11,255 DEBUG org.springframework.data.convert.CustomConversions [restartedMain] Adding converter from class java.time.Instant to class java.util.Date as writing converter.
2021-07-12 23:58:11,255 DEBUG org.springframework.data.convert.CustomConversions [restartedMain] Adding converter from class java.time.LocalDateTime to class java.time.Instant as reading converter.
2021-07-12 23:58:11,255 DEBUG org.springframework.data.convert.CustomConversions [restartedMain] Adding converter from class java.time.Instant to class java.time.LocalDateTime as reading converter.
2021-07-12 23:58:11,255 DEBUG org.springframework.data.convert.CustomConversions [restartedMain] Adding converter from class java.time.ZoneId to class java.lang.String as writing converter.
2021-07-12 23:58:11,255 DEBUG org.springframework.data.convert.CustomConversions [restartedMain] Adding converter from class java.lang.String to class java.time.ZoneId as reading converter.
2021-07-12 23:58:11,255 DEBUG org.springframework.data.convert.CustomConversions [restartedMain] Adding converter from class java.time.Duration to class java.lang.String as writing converter.
2021-07-12 23:58:11,255 DEBUG org.springframework.data.convert.CustomConversions [restartedMain] Adding converter from class java.lang.String to class java.time.Duration as reading converter.
2021-07-12 23:58:11,255 DEBUG org.springframework.data.convert.CustomConversions [restartedMain] Adding converter from class java.time.Period to class java.lang.String as writing converter.
2021-07-12 23:58:11,255 DEBUG org.springframework.data.convert.CustomConversions [restartedMain] Adding converter from class java.lang.String to class java.time.Period as reading converter.
2021-07-12 23:58:11,255 DEBUG org.springframework.data.convert.CustomConversions [restartedMain] Adding converter from class java.lang.String to class java.time.LocalDate as reading converter.
2021-07-12 23:58:11,255 DEBUG org.springframework.data.convert.CustomConversions [restartedMain] Adding converter from class java.lang.String to class java.time.LocalDateTime as reading converter.
2021-07-12 23:58:11,255 DEBUG org.springframework.data.convert.CustomConversions [restartedMain] Adding converter from class java.lang.String to class java.time.Instant as reading converter.
2021-07-12 23:58:11,258 DEBUG org.springframework.data.redis.listener.RedisMessageListenerContainer [restartedMain] Postpone listening for Redis messages until actual listeners are added
2021-07-12 23:58:11,258 DEBUG org.springframework.data.redis.listener.RedisMessageListenerContainer [restartedMain] Started RedisMessageListenerContainer
2021-07-12 23:58:11,274 INFO org.springframework.boot.devtools.autoconfigure.OptionalLiveReloadServer [restartedMain] LiveReload server is running on port 35729
2021-07-12 23:58:11,285 INFO org.springframework.boot.web.embedded.tomcat.TomcatWebServer [restartedMain] Tomcat started on port(s): 8080 (http) with context path ''
2021-07-12 23:58:11,289 INFO com.apiweather.app.jobs.ApibatchsApplication [restartedMain] Started ApibatchsApplication in 0.61 seconds (JVM running for 242.526)
2021-07-12 23:58:11,291 INFO org.springframework.boot.devtools.autoconfigure.ConditionEvaluationDeltaLoggingListener [restartedMain] Condition evaluation unchanged
