17:33:47.176      -----DSS---zopen   Existing file opened,  File: F:\INDAR\dss\MyDSS_file.dss
17:33:47.177                         Handle 4;  Process: 26340;  DSS Versions - Software: 7-IC, File:  7-IC
17:33:47.177                         Single-user advisory access mode
17:33:47.183 -----DSS--- zread   Handle 4;  Version 23:  /MOROCCO FLOOD HAZARD/BGE_EL_MELLAH/ET/01Jan1970/1Day/EL MELLAH HMS/
17:33:47.194 -----DSS--- zread   Handle 4;  Version 1:  /MOROCCO FLOOD HAZARD/Ennzala/ET/01Jan1970/1Day/Ennzala HSM/
17:33:48.250      -----DSS---zclose  Handle 4;  Process: 26340;  File: F:\INDAR\dss\MyDSS_file.dss
17:33:48.250                         Number records:         2
17:33:48.250                         File size:              15986  64-bit words
17:33:48.250                         File size:              124 Kb;  0 Mb
17:33:48.250                         Dead space:             76
17:33:48.250                         Hash range:             8192
17:33:48.250                         Number hash used:       2
17:33:48.250                         Max paths for hash:     1
17:33:48.250                         Corresponding hash:     1325
17:33:48.250                         Number non unique hash: 0
17:33:48.250                         Number bins used:       2
17:33:48.250                         Number overflow bins:   0
17:33:48.250                         Number physical reads:  46
17:33:48.250                         Number physical writes: 0
17:33:48.250                         Number denied locks:    0
